Arguments: 
  C:\Program Files\nodejs\node.exe C:\Users\Surjesh Yadav\AppData\Roaming\npm\node_modules\yarn\bin\yarn.js add @web3modal/wagmi wagmi viem @tanstack/react-query

PATH: 
  C:\WINDOWS\system32;C:\WINDOWS;C:\WINDOWS\System32\Wbem;C:\WINDOWS\System32\WindowsPowerShell\v1.0\;C:\WINDOWS\System32\OpenSSH\;C:\Program Files\nodejs;C:\Program Files\Java\jdk-18.0.1.1\bin;C:\ProgramData\ComposerSetup\bin;C:\xampp\php;C:\Program Files\Git\cmd;C:\Program Files\nodejs\;C:\Program Files\Docker\Docker\resources\bin;C:\Users\Surjesh Yadav\AppData\Local\Microsoft\WindowsApps;C:\Program Files\nodejs;C:\Program Files\MongoDB\Server\5.0\bin;C:\Program Files\JetBrains\IntelliJ IDEA Community Edition 2022.1.2\bin;C:\Users\Surjesh Yadav\AppData\Local\Microsoft\WindowsApps;C:\Users\Surjesh Yadav\AppData\Roaming\Composer\vendor\bin;C:\Users\Surjesh Yadav\AppData\Local\Programs\Microsoft VS Code\bin;C:\Users\Surjesh Yadav\AppData\Roaming\npm

Yarn version: 
  1.22.18

Node version: 
  20.9.0

Platform: 
  win32 x64

Trace: 
  Error: EPERM: operation not permitted, unlink 'S:\New folder\etherneel\node_modules\@esbuild\win32-x64\esbuild.exe'

npm manifest: 
  {
    "name": "mosaic-react",
    "version": "0.1.0",
    "scripts": {
      "dev": "vite",
      "build": "vite build",
      "preview": "vite preview"
    },
    "dependencies": {
      "@nextui-org/react": "^2.2.9",
      "@react-oauth/google": "^0.12.1",
      "@tailwindcss/forms": "^0.5.3",
      "@testing-library/jest-dom": "^5.17.0",
      "@testing-library/react": "^13.4.0",
      "@testing-library/user-event": "^13.5.0",
      "@thirdweb-dev/react": "^4.4.15",
      "@thirdweb-dev/sdk": "^4.0.42",
      "assert": "^2.0.0",
      "axios": "^1.6.7",
      "browserify-zlib": "^0.2.0",
      "canvas-confetti": "^1.9.2",
      "chart.js": "^4.3.0",
      "chartjs-adapter-moment": "^1.0.1",
      "crypto-browserify": "^3.12.0",
      "ethers": "^5.7.2",
      "framer-motion": "^10.18.0",
      "http": "npm:http-browserify",
      "http-browserify": "latest",
      "https": "npm:https-browserify",
      "https-browserify": "latest",
      "moment": "^2.29.4",
      "react": "^18.2.0",
      "react-dom": "^18.2.0",
      "react-flatpickr": "^3.10.13",
      "react-hot-toast": "^2.4.1",
      "react-icons": "^4.12.0",
      "react-loader-spinner": "^6.1.6",
      "react-owl-carousel": "^2.3.3",
      "react-router-dom": "^6.11.2",
      "react-scripts": "5.0.1",
      "react-share": "^5.0.3",
      "react-slick": "^0.30.1",
      "react-spinners": "^0.13.8",
      "react-toastify": "^10.0.3",
      "react-transition-group": "^4.4.5",
      "reactjs-popup": "^2.0.6",
      "rsuite": "^5.55.1",
      "stream": "^0.0.2",
      "stream-http": "^3.2.0",
      "url": "latest",
      "web-vitals": "^2.1.4",
      "zlib": "npm:browserify-zlib@^0.2.0"
    },
    "devDependencies": {
      "@vitejs/plugin-react": "^4.1.0",
      "autoprefixer": "^10.4.14",
      "postcss": "^8.4.24",
      "tailwindcss": "^3.3.2",
      "vite": "^4.3.9"
    }
  }

yarn manifest: 
  No manifest

Lockfile: 
  No lockfile
